3/6/2024 1:34:00 PM	This log contains information about the import schema operation into project 'SqlFromExistingDB' on computer 'OCHIENGOWINO' by user 'BEN'.
3/6/2024 1:34:03 PM	Import of database schema has started.
3/6/2024 1:34:25 PM	Gathering database credentials
3/6/2024 1:34:25 PM	Gathering database options
3/6/2024 1:34:25 PM	Gathering generic database scoped configuration option
3/6/2024 1:34:25 PM	Gathering users
3/6/2024 1:34:25 PM	Gathering roles
3/6/2024 1:34:25 PM	Gathering application roles
3/6/2024 1:34:25 PM	Gathering role memberships
3/6/2024 1:34:26 PM	Gathering filegroups
3/6/2024 1:34:26 PM	Gathering full-text catalogs
3/6/2024 1:34:26 PM	Gathering assemblies
3/6/2024 1:34:26 PM	Gathering certificates
3/6/2024 1:34:26 PM	Gathering asymmetric keys
3/6/2024 1:34:26 PM	Gathering symmetric keys
3/6/2024 1:34:26 PM	Gathering encrypted symmetric keys
3/6/2024 1:34:26 PM	Gathering schemas
3/6/2024 1:34:26 PM	Gathering XML schema collections
3/6/2024 1:34:26 PM	Gathering user-defined data types
3/6/2024 1:34:26 PM	Gathering user-defined types
3/6/2024 1:34:26 PM	Gathering table types
3/6/2024 1:34:26 PM	Gathering unique keys for table types
3/6/2024 1:34:26 PM	Gathering primary keys for table types
3/6/2024 1:34:26 PM	Gathering indexes for table types
3/6/2024 1:34:26 PM	Gathering check constraints for table types
3/6/2024 1:34:26 PM	Gathering default constraints for table types
3/6/2024 1:34:26 PM	Gathering partition functions
3/6/2024 1:34:26 PM	Gathering partition schemes
3/6/2024 1:34:26 PM	Gathering functions
3/6/2024 1:34:26 PM	Gathering encrypted functions
3/6/2024 1:34:26 PM	Gathering aggregates
3/6/2024 1:34:26 PM	Gathering procedures
3/6/2024 1:34:26 PM	Gathering encrypted procedures
3/6/2024 1:34:26 PM	Gathering tables
3/6/2024 1:34:26 PM	Gathering primary keys
3/6/2024 1:34:26 PM	Gathering unique constraints
3/6/2024 1:34:26 PM	Gathering foreign keys
3/6/2024 1:34:26 PM	Gathering default constraints
3/6/2024 1:34:26 PM	Gathering check constraints
3/6/2024 1:34:26 PM	Gathering views
3/6/2024 1:34:26 PM	Gathering encrypted views
3/6/2024 1:34:26 PM	Gathering indexes
3/6/2024 1:34:26 PM	Gathering statistics
3/6/2024 1:34:26 PM	Gathering full-text index stoplists
3/6/2024 1:34:27 PM	Gathering search property lists
3/6/2024 1:34:27 PM	Gathering search properties
3/6/2024 1:34:27 PM	Gathering full-text indexes
3/6/2024 1:34:27 PM	Gathering column store indexes
3/6/2024 1:34:27 PM	Gathering spatial indexes
3/6/2024 1:34:27 PM	Gathering XML indexes
3/6/2024 1:34:27 PM	Gathering Selective XML indexes
3/6/2024 1:34:27 PM	Gathering encrypted triggers
3/6/2024 1:34:27 PM	Gathering triggers
3/6/2024 1:34:27 PM	Gathering encrypted and clr ddl triggers
3/6/2024 1:34:27 PM	Gathering ddl triggers
3/6/2024 1:34:27 PM	Creating edge constraints
3/6/2024 1:34:27 PM	Gathering synonyms
3/6/2024 1:34:27 PM	Gathering defaults
3/6/2024 1:34:27 PM	Gathering data constraint uddt bindings
3/6/2024 1:34:27 PM	Gathering rules
3/6/2024 1:34:27 PM	Gathering data constraint uddt bindings
3/6/2024 1:34:27 PM	Gathering message types
3/6/2024 1:34:27 PM	Gathering queues
3/6/2024 1:34:27 PM	Gathering contracts
3/6/2024 1:34:27 PM	Gathering services
3/6/2024 1:34:27 PM	Gathering event notifications
3/6/2024 1:34:27 PM	Gathering remote service bindings
3/6/2024 1:34:27 PM	Gathering broker priorities
3/6/2024 1:34:27 PM	Gathering signatures
3/6/2024 1:34:27 PM	Gathering data compression options
3/6/2024 1:34:27 PM	Gathering sequence types
3/6/2024 1:34:27 PM	Gathering security policies
3/6/2024 1:34:27 PM	Gather column encryption keys
3/6/2024 1:34:28 PM	Gathering column master keys
3/6/2024 1:34:28 PM	Gathering external data sources
3/6/2024 1:34:28 PM	Gathering external file formats
3/6/2024 1:34:28 PM	Gathering external tables
3/6/2024 1:34:28 PM	Gathering extended properties
3/6/2024 1:34:29 PM	Gathering assemblies
3/6/2024 1:34:30 PM	Gathering credentials
3/6/2024 1:34:30 PM	Gathering logins
3/6/2024 1:34:30 PM	Gathering server audits
3/6/2024 1:34:35 PM	Scanning project for duplicate elements
3/6/2024 1:34:36 PM	Finished duplicate element processing
3/6/2024 1:34:39 PM	Finished importing database.
3/6/2024 1:34:39 PM	A summary of the import was saved to the following location: C:\Users\LYN\source\repos\SqlFromExistingDB\Import Schema Logs\SqlFromExistingDB_20240306103400.log
3/6/2024 1:34:39 PM	Click Finish to continue...
